<?xml version="1.0" encoding="UTF-8"?>
<!-- Generated by org.testng.reporters.JUnitReportReporter -->
<testsuite skipped="0" hostname="DESKTOP-A8ID9R4" name="com.syntax.class01.classWork" tests="1" failures="0" timestamp="2020-08-30T10:40:30 EDT" time="14.854" errors="0">
  <testcase name="openBrowser" time="14.854" classname="com.syntax.class01.classWork"/>
  <system-out/>
</testsuite> <!-- com.syntax.class01.classWork -->
