<?xml version="1.0" encoding="UTF-8"?>
<!-- Generated by org.testng.reporters.JUnitReportReporter -->
<testsuite skipped="0" hostname="DESKTOP-A8ID9R4" name="com.syntax.class01.TestNGTask01" tests="3" failures="0" timestamp="2020-08-29T12:06:17 EDT" time="0.016" errors="0">
  <testcase name="laughting" time="0.013" classname="com.syntax.class01.TestNGTask01"/>
  <system-out/>
  <testcase name="speaking" time="0.002" classname="com.syntax.class01.TestNGTask01"/>
  <system-out/>
  <testcase name="written" time="0.001" classname="com.syntax.class01.TestNGTask01"/>
  <system-out/>
</testsuite> <!-- com.syntax.class01.TestNGTask01 -->
