<?xml version="1.0" encoding="UTF-8"?>
<!-- Generated by org.testng.reporters.JUnitReportReporter -->
<testsuite skipped="0" hostname="DESKTOP-A8ID9R4" name="com.syntax.class02.Dependency" tests="1" failures="0" timestamp="2020-08-30T13:04:40 EDT" time="7.694" errors="0">
  <testcase name="openBrowser" time="7.694" classname="com.syntax.class02.Dependency"/>
  <system-out/>
</testsuite> <!-- com.syntax.class02.Dependency -->
