<?xml version="1.0" encoding="UTF-8"?>
<!-- Generated by org.testng.reporters.JUnitReportReporter -->
<testsuite skipped="0" hostname="DESKTOP-A8ID9R4" name="com.syntax.class01.HrmsTestCases" tests="2" failures="0" timestamp="2020-08-31T12:35:53 EDT" time="17.430" errors="0">
  <testcase name="validLogin" time="10.177" classname="com.syntax.class01.HrmsTestCases"/>
  <system-out/>
  <testcase name="titleValidation" time="7.253" classname="com.syntax.class01.HrmsTestCases"/>
  <system-out/>
</testsuite> <!-- com.syntax.class01.HrmsTestCases -->
