<?xml version="1.0" encoding="UTF-8"?>
<!-- Generated by org.testng.reporters.JUnitReportReporter -->
<testsuite skipped="0" hostname="DESKTOP-A8ID9R4" name="com.syntax.class01.HomeWork" tests="1" failures="0" timestamp="2020-08-31T12:59:05 EDT" time="9.681" errors="0">
  <testcase name="validLogin" time="9.681" classname="com.syntax.class01.HomeWork"/>
  <system-out/>
</testsuite> <!-- com.syntax.class01.HomeWork -->
