<?xml version="1.0" encoding="UTF-8"?>
<!-- Generated by org.testng.reporters.JUnitReportReporter -->
<testsuite skipped="0" hostname="DESKTOP-A8ID9R4" name="com.syntax.class01.TestNGTask02" tests="2" failures="0" timestamp="2020-08-29T12:44:05 EDT" time="0.012" errors="0">
  <testcase name="playing2" time="0.005" classname="com.syntax.class01.TestNGTask02"/>
  <system-out/>
  <testcase name="playing" time="0.007" classname="com.syntax.class01.TestNGTask02"/>
  <system-out/>
</testsuite> <!-- com.syntax.class01.TestNGTask02 -->
