<?xml version="1.0" encoding="UTF-8"?>
<!-- Generated by org.testng.reporters.JUnitReportReporter -->
<testsuite skipped="0" hostname="DESKTOP-A8ID9R4" name="com.syntax.class01.TestNG001" tests="2" failures="0" timestamp="2020-08-29T16:55:37 EDT" time="0.008" errors="0">
  <testcase name="test2" time="0.006" classname="com.syntax.class01.TestNG001"/>
  <system-out/>
  <testcase name="test1" time="0.002" classname="com.syntax.class01.TestNG001"/>
  <system-out/>
</testsuite> <!-- com.syntax.class01.TestNG001 -->
