<?xml version="1.0" encoding="UTF-8"?>
<!-- Generated by org.testng.reporters.JUnitReportReporter -->
<testsuite skipped="0" hostname="DESKTOP-A8ID9R4" name="com.syntax.class01.NegativeLogin" tests="1" failures="0" timestamp="2020-08-31T13:26:22 EDT" time="8.789" errors="0">
  <testcase name="validLogin" time="8.789" classname="com.syntax.class01.NegativeLogin"/>
  <system-out/>
</testsuite> <!-- com.syntax.class01.NegativeLogin -->
