<?xml version="1.0" encoding="UTF-8"?>
<!-- Generated by org.testng.reporters.JUnitReportReporter -->
<testsuite skipped="0" hostname="DESKTOP-A8ID9R4" name="com.syntax.class01.TestNGIntro" tests="4" failures="0" timestamp="2020-08-29T11:16:27 EDT" time="0.014" errors="0">
  <testcase name="testFour" time="0.009" classname="com.syntax.class01.TestNGIntro"/>
  <system-out/>
  <testcase name="testOne" time="0.002" classname="com.syntax.class01.TestNGIntro"/>
  <system-out/>
  <testcase name="testTwo" time="0.002" classname="com.syntax.class01.TestNGIntro"/>
  <system-out/>
  <testcase name="testThree" time="0.001" classname="com.syntax.class01.TestNGIntro"/>
  <system-out/>
</testsuite> <!-- com.syntax.class01.TestNGIntro -->
